[0m16:57:47.119747 [debug] [MainThread]: Sending event: {'category': 'dbt', 'action': 'invocation', 'label': 'start', 'context': [<snowplow_tracker.self_describing_json.SelfDescribingJson object at 0x10e8c9610>, <snowplow_tracker.self_describing_json.SelfDescribingJson object at 0x10ee11610>, <snowplow_tracker.self_describing_json.SelfDescribingJson object at 0x10ee112e0>]}


============================== 16:57:47.122686 | 00193b48-8e59-4d25-8bb7-56e438305a74 ==============================
[0m16:57:47.122686 [info ] [MainThread]: Running with dbt=1.9.4
[0m16:57:47.123054 [debug] [MainThread]: running dbt with arguments {'printer_width': '80', 'indirect_selection': 'eager', 'write_json': 'True', 'log_cache_events': 'False', 'partial_parse': 'True', 'cache_selected_only': 'False', 'warn_error': 'None', 'debug': 'False', 'version_check': 'True', 'log_path': 'logs', 'profiles_dir': '/Users/pauloreboucas/.dbt', 'fail_fast': 'False', 'use_colors': 'True', 'use_experimental_parser': 'False', 'empty': 'None', 'quiet': 'False', 'no_print': 'None', 'warn_error_options': 'WarnErrorOptions(include=[], exclude=[])', 'introspect': 'True', 'static_parser': 'True', 'invocation_command': 'dbt debug', 'target_path': 'None', 'log_format': 'default', 'send_anonymous_usage_stats': 'True'}
[0m16:57:47.129858 [info ] [MainThread]: dbt version: 1.9.4
[0m16:57:47.130169 [info ] [MainThread]: python version: 3.12.9
[0m16:57:47.130338 [info ] [MainThread]: python path: /Users/pauloreboucas/Documents/Trabalho/Trinity/ammodepot/AWS/dbt_ammodepot/dbt/bin/python3.12
[0m16:57:47.130512 [info ] [MainThread]: os info: macOS-15.4-x86_64-i386-64bit
[0m16:57:47.187207 [debug] [MainThread]: Redshift adapter: Setting redshift_connector to ERROR
[0m16:57:47.187553 [debug] [MainThread]: Redshift adapter: Setting redshift_connector.core to ERROR
[0m16:57:47.223594 [info ] [MainThread]: Using profiles dir at /Users/pauloreboucas/.dbt
[0m16:57:47.223881 [info ] [MainThread]: Using profiles.yml file at /Users/pauloreboucas/.dbt/profiles.yml
[0m16:57:47.224051 [info ] [MainThread]: Using dbt_project.yml file at /Users/pauloreboucas/Documents/Trabalho/Trinity/ammodepot/AWS/dbt_ammodepot/dbt_project.yml
[0m16:57:47.224311 [info ] [MainThread]: adapter type: redshift
[0m16:57:47.224463 [info ] [MainThread]: adapter version: 1.9.3
[0m16:57:47.224609 [info ] [MainThread]: Configuration:
[0m16:57:47.224749 [info ] [MainThread]:   profiles.yml file [[32mOK found and valid[0m]
[0m16:57:47.224883 [info ] [MainThread]:   dbt_project.yml file [[31mERROR not found[0m]
[0m16:57:47.225012 [info ] [MainThread]: Required dependencies:
[0m16:57:47.225190 [debug] [MainThread]: Executing "git --help"
[0m16:57:47.258460 [debug] [MainThread]: STDOUT: "b"usage: git [-v | --version] [-h | --help] [-C <path>] [-c <name>=<value>]\n           [--exec-path[=<path>]] [--html-path] [--man-path] [--info-path]\n           [-p | --paginate | -P | --no-pager] [--no-replace-objects] [--bare]\n           [--git-dir=<path>] [--work-tree=<path>] [--namespace=<name>]\n           [--super-prefix=<path>] [--config-env=<name>=<envvar>]\n           <command> [<args>]\n\nThese are common Git commands used in various situations:\n\nstart a working area (see also: git help tutorial)\n   clone     Clone a repository into a new directory\n   init      Create an empty Git repository or reinitialize an existing one\n\nwork on the current change (see also: git help everyday)\n   add       Add file contents to the index\n   mv        Move or rename a file, a directory, or a symlink\n   restore   Restore working tree files\n   rm        Remove files from the working tree and from the index\n\nexamine the history and state (see also: git help revisions)\n   bisect    Use binary search to find the commit that introduced a bug\n   diff      Show changes between commits, commit and working tree, etc\n   grep      Print lines matching a pattern\n   log       Show commit logs\n   show      Show various types of objects\n   status    Show the working tree status\n\ngrow, mark and tweak your common history\n   branch    List, create, or delete branches\n   commit    Record changes to the repository\n   merge     Join two or more development histories together\n   rebase    Reapply commits on top of another base tip\n   reset     Reset current HEAD to the specified state\n   switch    Switch branches\n   tag       Create, list, delete or verify a tag object signed with GPG\n\ncollaborate (see also: git help workflows)\n   fetch     Download objects and refs from another repository\n   pull      Fetch from and integrate with another repository or a local branch\n   push      Update remote refs along with associated objects\n\n'git help -a' and 'git help -g' list available subcommands and some\nconcept guides. See 'git help <command>' or 'git help <concept>'\nto read about a specific subcommand or concept.\nSee 'git help git' for an overview of the system.\n""
[0m16:57:47.259034 [debug] [MainThread]: STDERR: "b''"
[0m16:57:47.259224 [info ] [MainThread]:  - git [[32mOK found[0m]

[0m16:57:47.259415 [info ] [MainThread]: Connection:
[0m16:57:47.259623 [info ] [MainThread]:   host: airbyte-project-redshift-cluster.chaiaxiqde3z.us-east-1.redshift.amazonaws.com
[0m16:57:47.259774 [info ] [MainThread]:   user: admin
[0m16:57:47.259911 [info ] [MainThread]:   port: 5439
[0m16:57:47.260048 [info ] [MainThread]:   database: gold_db
[0m16:57:47.260192 [info ] [MainThread]:   method: database
[0m16:57:47.260327 [info ] [MainThread]:   cluster_id: None
[0m16:57:47.260459 [info ] [MainThread]:   iam_profile: None
[0m16:57:47.260588 [info ] [MainThread]:   schema: gold
[0m16:57:47.260719 [info ] [MainThread]:   sslmode: prefer
[0m16:57:47.260846 [info ] [MainThread]:   region: None
[0m16:57:47.260976 [info ] [MainThread]:   sslmode: prefer
[0m16:57:47.261105 [info ] [MainThread]:   region: None
[0m16:57:47.261235 [info ] [MainThread]:   autocreate: False
[0m16:57:47.261371 [info ] [MainThread]:   db_groups: []
[0m16:57:47.261517 [info ] [MainThread]:   ra3_node: False
[0m16:57:47.261645 [info ] [MainThread]:   connect_timeout: None
[0m16:57:47.261772 [info ] [MainThread]:   role: None
[0m16:57:47.261893 [info ] [MainThread]:   retries: 1
[0m16:57:47.262032 [info ] [MainThread]:   autocommit: True
[0m16:57:47.262155 [info ] [MainThread]:   access_key_id: None
[0m16:57:47.262281 [info ] [MainThread]:   is_serverless: None
[0m16:57:47.262648 [info ] [MainThread]: Registered adapter: redshift=1.9.3
[0m16:57:47.340759 [debug] [MainThread]: Acquiring new redshift connection 'debug'
[0m16:57:47.344083 [debug] [MainThread]: Using redshift connection "debug"
[0m16:57:47.344264 [debug] [MainThread]: On debug: select 1 as id
[0m16:57:47.344416 [debug] [MainThread]: Opening a new connection, currently in state init
[0m16:57:47.344609 [debug] [MainThread]: Redshift adapter: Connecting to Redshift with 'database' credentials method
[0m16:57:47.347389 [debug] [MainThread]: Redshift adapter: Establishing connection using ssl with `sslmode` set to 'prefer'.To connect without ssl, set `sslmode` to 'disable'.
[0m16:57:48.992645 [debug] [MainThread]: SQL status: SUCCESS in 1.647 seconds
[0m16:57:49.036488 [debug] [MainThread]: On debug: Close
[0m16:57:49.037033 [info ] [MainThread]:   Connection test: [[32mOK connection ok[0m]

[0m16:57:49.037314 [info ] [MainThread]: [31m1 check failed:[0m
[0m16:57:49.037538 [info ] [MainThread]: Project loading failed for the following reason:
 project path </Users/pauloreboucas/Documents/Trabalho/Trinity/ammodepot/AWS/dbt_ammodepot/dbt_project.yml> not found

[0m16:57:49.040281 [debug] [MainThread]: Resource report: {"command_name": "debug", "command_success": false, "command_wall_clock_time": 1.9730116, "process_in_blocks": "0", "process_kernel_time": 0.181094, "process_mem_max_rss": "124121088", "process_out_blocks": "0", "process_user_time": 0.870619}
[0m16:57:49.040743 [debug] [MainThread]: Command `dbt debug` failed at 16:57:49.040646 after 1.97 seconds
[0m16:57:49.041033 [debug] [MainThread]: Connection 'debug' was properly closed.
[0m16:57:49.041283 [debug] [MainThread]: Sending event: {'category': 'dbt', 'action': 'invocation', 'label': 'end', 'context': [<snowplow_tracker.self_describing_json.SelfDescribingJson object at 0x1107edfa0>, <snowplow_tracker.self_describing_json.SelfDescribingJson object at 0x10e92be30>, <snowplow_tracker.self_describing_json.SelfDescribingJson object at 0x10f2dd5e0>]}
[0m16:57:49.041612 [debug] [MainThread]: Flushing usage events
[0m16:57:49.582908 [debug] [MainThread]: An error was encountered while trying to flush usage events
