[0m11:00:53.748019 [debug] [MainThread]: Sending event: {'category': 'dbt', 'action': 'invocation', 'label': 'start', 'context': [<snowplow_tracker.self_describing_json.SelfDescribingJson object at 0x110ac0ce0>, <snowplow_tracker.self_describing_json.SelfDescribingJson object at 0x11054c6b0>, <snowplow_tracker.self_describing_json.SelfDescribingJson object at 0x110c78710>]}


============================== 11:00:53.752819 | aab99873-dc21-45b9-ab13-85ae95d5c6ba ==============================
[0m11:00:53.752819 [info ] [MainThread]: Running with dbt=1.9.4
[0m11:00:53.753389 [debug] [MainThread]: running dbt with arguments {'printer_width': '80', 'indirect_selection': 'eager', 'write_json': 'True', 'log_cache_events': 'False', 'partial_parse': 'True', 'cache_selected_only': 'False', 'profiles_dir': '/Users/pauloreboucas/.dbt', 'debug': 'False', 'fail_fast': 'False', 'log_path': 'logs', 'version_check': 'True', 'warn_error': 'None', 'use_colors': 'True', 'use_experimental_parser': 'False', 'empty': 'None', 'quiet': 'False', 'no_print': 'None', 'warn_error_options': 'WarnErrorOptions(include=[], exclude=[])', 'introspect': 'True', 'invocation_command': 'dbt init ammodepot', 'log_format': 'default', 'target_path': 'None', 'static_parser': 'True', 'send_anonymous_usage_stats': 'True'}
[0m11:00:53.760999 [debug] [MainThread]: Starter project path: /Users/pauloreboucas/Documents/Trabalho/Trinity/ammodepot/AWS/dbt_ammodepot/projects/.dbtenv/lib/python3.12/site-packages/dbt/include/starter_project
[0m11:00:53.764047 [info ] [MainThread]: 
Your new dbt project "ammodepot" was created!

For more information on how to configure the profiles.yml file,
please consult the dbt documentation here:

  https://docs.getdbt.com/docs/configure-your-profile

One more thing:

Need help? Don't hesitate to reach out to us via GitHub issues or on Slack:

  https://community.getdbt.com/

Happy modeling!

[0m11:00:53.764283 [info ] [MainThread]: Setting up your profile.
[0m11:01:33.731767 [debug] [MainThread]: Redshift adapter: Setting redshift_connector to ERROR
[0m11:01:33.733055 [debug] [MainThread]: Redshift adapter: Setting redshift_connector.core to ERROR
[0m11:03:45.500592 [info ] [MainThread]: Profile ammodepot written to /Users/pauloreboucas/.dbt/profiles.yml using target's profile_template.yml and your supplied values. Run 'dbt debug' to validate the connection.
[0m11:03:45.503794 [debug] [MainThread]: Resource report: {"command_name": "init", "command_success": true, "command_wall_clock_time": 171.8182, "process_in_blocks": "0", "process_kernel_time": 0.15436, "process_mem_max_rss": "117207040", "process_out_blocks": "0", "process_user_time": 0.942542}
[0m11:03:45.504301 [debug] [MainThread]: Command `dbt init` succeeded at 11:03:45.504172 after 171.82 seconds
[0m11:03:45.504629 [debug] [MainThread]: Sending event: {'category': 'dbt', 'action': 'invocation', 'label': 'end', 'context': [<snowplow_tracker.self_describing_json.SelfDescribingJson object at 0x110c78ad0>, <snowplow_tracker.self_describing_json.SelfDescribingJson object at 0x1107f3ce0>, <snowplow_tracker.self_describing_json.SelfDescribingJson object at 0x1112c96d0>]}
[0m11:03:45.505042 [debug] [MainThread]: Flushing usage events
[0m11:03:46.343335 [debug] [MainThread]: An error was encountered while trying to flush usage events
[0m11:03:57.163189 [debug] [MainThread]: Sending event: {'category': 'dbt', 'action': 'invocation', 'label': 'start', 'context': [<snowplow_tracker.self_describing_json.SelfDescribingJson object at 0x10c2b34d0>, <snowplow_tracker.self_describing_json.SelfDescribingJson object at 0x10e40cd40>, <snowplow_tracker.self_describing_json.SelfDescribingJson object at 0x10e40c9b0>]}


============================== 11:03:57.167138 | 77b62581-753a-4915-b5cc-b45478c6a785 ==============================
[0m11:03:57.167138 [info ] [MainThread]: Running with dbt=1.9.4
[0m11:03:57.167598 [debug] [MainThread]: running dbt with arguments {'printer_width': '80', 'indirect_selection': 'eager', 'write_json': 'True', 'log_cache_events': 'False', 'partial_parse': 'True', 'cache_selected_only': 'False', 'profiles_dir': '/Users/pauloreboucas/.dbt', 'version_check': 'True', 'warn_error': 'None', 'log_path': 'logs', 'fail_fast': 'False', 'debug': 'False', 'use_colors': 'True', 'use_experimental_parser': 'False', 'empty': 'None', 'quiet': 'False', 'no_print': 'None', 'warn_error_options': 'WarnErrorOptions(include=[], exclude=[])', 'invocation_command': 'dbt debug', 'log_format': 'default', 'static_parser': 'True', 'target_path': 'None', 'introspect': 'True', 'send_anonymous_usage_stats': 'True'}
[0m11:03:57.174366 [info ] [MainThread]: dbt version: 1.9.4
[0m11:03:57.174677 [info ] [MainThread]: python version: 3.12.9
[0m11:03:57.174861 [info ] [MainThread]: python path: /Users/pauloreboucas/Documents/Trabalho/Trinity/ammodepot/AWS/dbt_ammodepot/projects/.dbtenv/bin/python3.12
[0m11:03:57.175031 [info ] [MainThread]: os info: macOS-15.4-x86_64-i386-64bit
[0m11:03:57.245408 [debug] [MainThread]: Redshift adapter: Setting redshift_connector to ERROR
[0m11:03:57.245874 [debug] [MainThread]: Redshift adapter: Setting redshift_connector.core to ERROR
[0m11:03:57.288816 [info ] [MainThread]: Using profiles dir at /Users/pauloreboucas/.dbt
[0m11:03:57.289210 [info ] [MainThread]: Using profiles.yml file at /Users/pauloreboucas/.dbt/profiles.yml
[0m11:03:57.289538 [info ] [MainThread]: Using dbt_project.yml file at /Users/pauloreboucas/Documents/Trabalho/Trinity/ammodepot/AWS/dbt_ammodepot/projects/dbt_project.yml
[0m11:03:57.289844 [info ] [MainThread]: adapter type: redshift
[0m11:03:57.290029 [info ] [MainThread]: adapter version: 1.9.3
[0m11:03:57.290221 [info ] [MainThread]: Configuration:
[0m11:03:57.290380 [info ] [MainThread]:   profiles.yml file [[32mOK found and valid[0m]
[0m11:03:57.290537 [info ] [MainThread]:   dbt_project.yml file [[31mERROR not found[0m]
[0m11:03:57.290689 [info ] [MainThread]: Required dependencies:
[0m11:03:57.290879 [debug] [MainThread]: Executing "git --help"
[0m11:03:57.330618 [debug] [MainThread]: STDOUT: "b"usage: git [-v | --version] [-h | --help] [-C <path>] [-c <name>=<value>]\n           [--exec-path[=<path>]] [--html-path] [--man-path] [--info-path]\n           [-p | --paginate | -P | --no-pager] [--no-replace-objects] [--bare]\n           [--git-dir=<path>] [--work-tree=<path>] [--namespace=<name>]\n           [--super-prefix=<path>] [--config-env=<name>=<envvar>]\n           <command> [<args>]\n\nThese are common Git commands used in various situations:\n\nstart a working area (see also: git help tutorial)\n   clone     Clone a repository into a new directory\n   init      Create an empty Git repository or reinitialize an existing one\n\nwork on the current change (see also: git help everyday)\n   add       Add file contents to the index\n   mv        Move or rename a file, a directory, or a symlink\n   restore   Restore working tree files\n   rm        Remove files from the working tree and from the index\n\nexamine the history and state (see also: git help revisions)\n   bisect    Use binary search to find the commit that introduced a bug\n   diff      Show changes between commits, commit and working tree, etc\n   grep      Print lines matching a pattern\n   log       Show commit logs\n   show      Show various types of objects\n   status    Show the working tree status\n\ngrow, mark and tweak your common history\n   branch    List, create, or delete branches\n   commit    Record changes to the repository\n   merge     Join two or more development histories together\n   rebase    Reapply commits on top of another base tip\n   reset     Reset current HEAD to the specified state\n   switch    Switch branches\n   tag       Create, list, delete or verify a tag object signed with GPG\n\ncollaborate (see also: git help workflows)\n   fetch     Download objects and refs from another repository\n   pull      Fetch from and integrate with another repository or a local branch\n   push      Update remote refs along with associated objects\n\n'git help -a' and 'git help -g' list available subcommands and some\nconcept guides. See 'git help <command>' or 'git help <concept>'\nto read about a specific subcommand or concept.\nSee 'git help git' for an overview of the system.\n""
[0m11:03:57.331315 [debug] [MainThread]: STDERR: "b''"
[0m11:03:57.331563 [info ] [MainThread]:  - git [[32mOK found[0m]

[0m11:03:57.331780 [info ] [MainThread]: Connection:
[0m11:03:57.332036 [info ] [MainThread]:   host: airbyte-project-redshift-cluster.chaiaxiqde3z.us-east-1.redshift.amazonaws.com
[0m11:03:57.332209 [info ] [MainThread]:   user: admin
[0m11:03:57.332371 [info ] [MainThread]:   port: 5439
[0m11:03:57.332527 [info ] [MainThread]:   database: dev
[0m11:03:57.332698 [info ] [MainThread]:   method: database
[0m11:03:57.332849 [info ] [MainThread]:   cluster_id: None
[0m11:03:57.333001 [info ] [MainThread]:   iam_profile: None
[0m11:03:57.333144 [info ] [MainThread]:   schema: dbt_paulo
[0m11:03:57.333297 [info ] [MainThread]:   sslmode: prefer
[0m11:03:57.333444 [info ] [MainThread]:   region: None
[0m11:03:57.333593 [info ] [MainThread]:   sslmode: prefer
[0m11:03:57.333744 [info ] [MainThread]:   region: None
[0m11:03:57.333889 [info ] [MainThread]:   autocreate: False
[0m11:03:57.334037 [info ] [MainThread]:   db_groups: []
[0m11:03:57.334176 [info ] [MainThread]:   ra3_node: False
[0m11:03:57.334325 [info ] [MainThread]:   connect_timeout: None
[0m11:03:57.334467 [info ] [MainThread]:   role: None
[0m11:03:57.334613 [info ] [MainThread]:   retries: 1
[0m11:03:57.334761 [info ] [MainThread]:   autocommit: True
[0m11:03:57.334901 [info ] [MainThread]:   access_key_id: None
[0m11:03:57.335041 [info ] [MainThread]:   is_serverless: None
[0m11:03:57.335446 [info ] [MainThread]: Registered adapter: redshift=1.9.3
[0m11:03:57.447247 [debug] [MainThread]: Acquiring new redshift connection 'debug'
[0m11:03:57.451082 [debug] [MainThread]: Using redshift connection "debug"
[0m11:03:57.451295 [debug] [MainThread]: On debug: select 1 as id
[0m11:03:57.451471 [debug] [MainThread]: Opening a new connection, currently in state init
[0m11:03:57.451685 [debug] [MainThread]: Redshift adapter: Connecting to Redshift with 'database' credentials method
[0m11:03:57.454829 [debug] [MainThread]: Redshift adapter: Establishing connection using ssl with `sslmode` set to 'prefer'.To connect without ssl, set `sslmode` to 'disable'.
[0m11:04:00.902535 [debug] [MainThread]: SQL status: SUCCESS in 3.451 seconds
[0m11:04:00.927002 [debug] [MainThread]: On debug: Close
[0m11:04:00.927600 [info ] [MainThread]:   Connection test: [[32mOK connection ok[0m]

[0m11:04:00.927876 [info ] [MainThread]: [31m1 check failed:[0m
[0m11:04:00.928076 [info ] [MainThread]: Project loading failed for the following reason:
 project path </Users/pauloreboucas/Documents/Trabalho/Trinity/ammodepot/AWS/dbt_ammodepot/projects/dbt_project.yml> not found

[0m11:04:00.930584 [debug] [MainThread]: Resource report: {"command_name": "debug", "command_success": false, "command_wall_clock_time": 3.8312707, "process_in_blocks": "0", "process_kernel_time": 0.22693, "process_mem_max_rss": "125575168", "process_out_blocks": "0", "process_user_time": 1.03094}
[0m11:04:00.931031 [debug] [MainThread]: Command `dbt debug` failed at 11:04:00.930951 after 3.83 seconds
[0m11:04:00.931336 [debug] [MainThread]: Connection 'debug' was properly closed.
[0m11:04:00.931589 [debug] [MainThread]: Sending event: {'category': 'dbt', 'action': 'invocation', 'label': 'end', 'context': [<snowplow_tracker.self_describing_json.SelfDescribingJson object at 0x10c2b34d0>, <snowplow_tracker.self_describing_json.SelfDescribingJson object at 0x10ea3a840>, <snowplow_tracker.self_describing_json.SelfDescribingJson object at 0x10e6c2d50>]}
[0m11:04:00.931908 [debug] [MainThread]: Flushing usage events
[0m11:04:01.508929 [debug] [MainThread]: An error was encountered while trying to flush usage events
[0m14:44:58.496294 [debug] [MainThread]: Sending event: {'category': 'dbt', 'action': 'invocation', 'label': 'start', 'context': [<snowplow_tracker.self_describing_json.SelfDescribingJson object at 0x10ff21b80>, <snowplow_tracker.self_describing_json.SelfDescribingJson object at 0x1104151c0>, <snowplow_tracker.self_describing_json.SelfDescribingJson object at 0x110414e00>]}


============================== 14:44:58.499949 | 4ddbe75e-1053-4b5c-8619-1d049fc55471 ==============================
[0m14:44:58.499949 [info ] [MainThread]: Running with dbt=1.9.4
[0m14:44:58.500340 [debug] [MainThread]: running dbt with arguments {'printer_width': '80', 'indirect_selection': 'eager', 'log_cache_events': 'False', 'write_json': 'True', 'partial_parse': 'True', 'cache_selected_only': 'False', 'warn_error': 'None', 'debug': 'True', 'profiles_dir': '/Users/pauloreboucas/.dbt', 'log_path': 'logs', 'fail_fast': 'False', 'version_check': 'True', 'use_colors': 'True', 'use_experimental_parser': 'False', 'empty': 'False', 'quiet': 'False', 'no_print': 'None', 'log_format': 'default', 'introspect': 'True', 'static_parser': 'True', 'invocation_command': 'dbt run --select f_sales --full-refresh --debug --threads 1', 'target_path': 'None', 'warn_error_options': 'WarnErrorOptions(include=[], exclude=[])', 'send_anonymous_usage_stats': 'True'}
[0m14:44:58.500705 [error] [MainThread]: Encountered an error:
Runtime Error
  No dbt_project.yml found at expected path /Users/pauloreboucas/Documents/Trabalho/Trinity/ammodepot/AWS/dbt_ammodepot/projects/dbt_project.yml
  Verify that each entry within packages.yml (and their transitive dependencies) contains a file named dbt_project.yml
  
[0m14:44:58.503112 [debug] [MainThread]: Resource report: {"command_name": "run", "command_success": false, "command_wall_clock_time": 0.06193333, "process_in_blocks": "0", "process_kernel_time": 0.10761, "process_mem_max_rss": "100745216", "process_out_blocks": "0", "process_user_time": 0.687246}
[0m14:44:58.503463 [debug] [MainThread]: Command `dbt run` failed at 14:44:58.503372 after 0.06 seconds
[0m14:44:58.503721 [debug] [MainThread]: Sending event: {'category': 'dbt', 'action': 'invocation', 'label': 'end', 'context': [<snowplow_tracker.self_describing_json.SelfDescribingJson object at 0x10f9d7b00>, <snowplow_tracker.self_describing_json.SelfDescribingJson object at 0x110414e00>, <snowplow_tracker.self_describing_json.SelfDescribingJson object at 0x110416f60>]}
[0m14:44:58.503954 [debug] [MainThread]: Flushing usage events
[0m14:44:59.159698 [debug] [MainThread]: An error was encountered while trying to flush usage events
[0m16:43:45.569183 [debug] [MainThread]: Sending event: {'category': 'dbt', 'action': 'invocation', 'label': 'start', 'context': [<snowplow_tracker.self_describing_json.SelfDescribingJson object at 0x10ddc88f0>, <snowplow_tracker.self_describing_json.SelfDescribingJson object at 0x10eb88f80>, <snowplow_tracker.self_describing_json.SelfDescribingJson object at 0x10eb88aa0>]}


============================== 16:43:45.573105 | d4028941-b96f-4971-b64d-907f5faba221 ==============================
[0m16:43:45.573105 [info ] [MainThread]: Running with dbt=1.9.4
[0m16:43:45.573556 [debug] [MainThread]: running dbt with arguments {'printer_width': '80', 'indirect_selection': 'eager', 'write_json': 'True', 'log_cache_events': 'False', 'partial_parse': 'True', 'cache_selected_only': 'False', 'profiles_dir': '/Users/pauloreboucas/.dbt', 'debug': 'False', 'version_check': 'True', 'log_path': 'logs', 'fail_fast': 'False', 'warn_error': 'None', 'use_colors': 'True', 'use_experimental_parser': 'False', 'empty': 'None', 'quiet': 'False', 'no_print': 'None', 'log_format': 'default', 'invocation_command': 'dbt debug', 'warn_error_options': 'WarnErrorOptions(include=[], exclude=[])', 'static_parser': 'True', 'target_path': 'None', 'introspect': 'True', 'send_anonymous_usage_stats': 'True'}
[0m16:43:45.585465 [info ] [MainThread]: dbt version: 1.9.4
[0m16:43:45.585751 [info ] [MainThread]: python version: 3.12.9
[0m16:43:45.585976 [info ] [MainThread]: python path: /Users/pauloreboucas/Documents/Trabalho/Trinity/ammodepot/AWS/dbt_ammodepot/projects/.dbtenv/bin/python3.12
[0m16:43:45.586205 [info ] [MainThread]: os info: macOS-15.4-x86_64-i386-64bit
[0m16:43:45.674241 [debug] [MainThread]: Redshift adapter: Setting redshift_connector to ERROR
[0m16:43:45.674551 [debug] [MainThread]: Redshift adapter: Setting redshift_connector.core to ERROR
[0m16:43:45.713295 [info ] [MainThread]: Using profiles dir at /Users/pauloreboucas/.dbt
[0m16:43:45.713542 [info ] [MainThread]: Using profiles.yml file at /Users/pauloreboucas/.dbt/profiles.yml
[0m16:43:45.713721 [info ] [MainThread]: Using dbt_project.yml file at /Users/pauloreboucas/Documents/Trabalho/Trinity/ammodepot/AWS/dbt_ammodepot/projects/dbt_project.yml
[0m16:43:45.714028 [info ] [MainThread]: adapter type: redshift
[0m16:43:45.714240 [info ] [MainThread]: adapter version: 1.9.3
[0m16:43:45.714413 [info ] [MainThread]: Configuration:
[0m16:43:45.714565 [info ] [MainThread]:   profiles.yml file [[32mOK found and valid[0m]
[0m16:43:45.714712 [info ] [MainThread]:   dbt_project.yml file [[31mERROR not found[0m]
[0m16:43:45.714861 [info ] [MainThread]: Required dependencies:
[0m16:43:45.715043 [debug] [MainThread]: Executing "git --help"
[0m16:43:45.750651 [debug] [MainThread]: STDOUT: "b"usage: git [-v | --version] [-h | --help] [-C <path>] [-c <name>=<value>]\n           [--exec-path[=<path>]] [--html-path] [--man-path] [--info-path]\n           [-p | --paginate | -P | --no-pager] [--no-replace-objects] [--bare]\n           [--git-dir=<path>] [--work-tree=<path>] [--namespace=<name>]\n           [--super-prefix=<path>] [--config-env=<name>=<envvar>]\n           <command> [<args>]\n\nThese are common Git commands used in various situations:\n\nstart a working area (see also: git help tutorial)\n   clone     Clone a repository into a new directory\n   init      Create an empty Git repository or reinitialize an existing one\n\nwork on the current change (see also: git help everyday)\n   add       Add file contents to the index\n   mv        Move or rename a file, a directory, or a symlink\n   restore   Restore working tree files\n   rm        Remove files from the working tree and from the index\n\nexamine the history and state (see also: git help revisions)\n   bisect    Use binary search to find the commit that introduced a bug\n   diff      Show changes between commits, commit and working tree, etc\n   grep      Print lines matching a pattern\n   log       Show commit logs\n   show      Show various types of objects\n   status    Show the working tree status\n\ngrow, mark and tweak your common history\n   branch    List, create, or delete branches\n   commit    Record changes to the repository\n   merge     Join two or more development histories together\n   rebase    Reapply commits on top of another base tip\n   reset     Reset current HEAD to the specified state\n   switch    Switch branches\n   tag       Create, list, delete or verify a tag object signed with GPG\n\ncollaborate (see also: git help workflows)\n   fetch     Download objects and refs from another repository\n   pull      Fetch from and integrate with another repository or a local branch\n   push      Update remote refs along with associated objects\n\n'git help -a' and 'git help -g' list available subcommands and some\nconcept guides. See 'git help <command>' or 'git help <concept>'\nto read about a specific subcommand or concept.\nSee 'git help git' for an overview of the system.\n""
[0m16:43:45.751303 [debug] [MainThread]: STDERR: "b''"
[0m16:43:45.751542 [info ] [MainThread]:  - git [[32mOK found[0m]

[0m16:43:45.751739 [info ] [MainThread]: Connection:
[0m16:43:45.751968 [info ] [MainThread]:   host: airbyte-project-redshift-cluster.chaiaxiqde3z.us-east-1.redshift.amazonaws.com
[0m16:43:45.752140 [info ] [MainThread]:   user: admin
[0m16:43:45.752288 [info ] [MainThread]:   port: 5439
[0m16:43:45.752430 [info ] [MainThread]:   database: ammodepot
[0m16:43:45.752576 [info ] [MainThread]:   method: database
[0m16:43:45.752713 [info ] [MainThread]:   cluster_id: None
[0m16:43:45.752847 [info ] [MainThread]:   iam_profile: None
[0m16:43:45.752985 [info ] [MainThread]:   schema: silver
[0m16:43:45.753129 [info ] [MainThread]:   sslmode: prefer
[0m16:43:45.753271 [info ] [MainThread]:   region: None
[0m16:43:45.753406 [info ] [MainThread]:   sslmode: prefer
[0m16:43:45.753539 [info ] [MainThread]:   region: None
[0m16:43:45.753681 [info ] [MainThread]:   autocreate: False
[0m16:43:45.753816 [info ] [MainThread]:   db_groups: []
[0m16:43:45.753946 [info ] [MainThread]:   ra3_node: False
[0m16:43:45.754083 [info ] [MainThread]:   connect_timeout: None
[0m16:43:45.754223 [info ] [MainThread]:   role: None
[0m16:43:45.754359 [info ] [MainThread]:   retries: 1
[0m16:43:45.754493 [info ] [MainThread]:   autocommit: True
[0m16:43:45.754634 [info ] [MainThread]:   access_key_id: None
[0m16:43:45.754767 [info ] [MainThread]:   is_serverless: None
[0m16:43:45.755204 [info ] [MainThread]: Registered adapter: redshift=1.9.3
[0m16:43:45.840857 [debug] [MainThread]: Acquiring new redshift connection 'debug'
[0m16:43:45.844014 [debug] [MainThread]: Using redshift connection "debug"
[0m16:43:45.844195 [debug] [MainThread]: On debug: select 1 as id
[0m16:43:45.844343 [debug] [MainThread]: Opening a new connection, currently in state init
[0m16:43:45.844520 [debug] [MainThread]: Redshift adapter: Connecting to Redshift with 'database' credentials method
[0m16:43:45.847187 [debug] [MainThread]: Redshift adapter: Establishing connection using ssl with `sslmode` set to 'prefer'.To connect without ssl, set `sslmode` to 'disable'.
[0m16:43:47.951955 [debug] [MainThread]: SQL status: SUCCESS in 2.105 seconds
[0m16:43:48.008989 [debug] [MainThread]: On debug: Close
[0m16:43:48.009474 [info ] [MainThread]:   Connection test: [[32mOK connection ok[0m]

[0m16:43:48.009738 [info ] [MainThread]: [31m1 check failed:[0m
[0m16:43:48.009940 [info ] [MainThread]: Project loading failed for the following reason:
 project path </Users/pauloreboucas/Documents/Trabalho/Trinity/ammodepot/AWS/dbt_ammodepot/projects/dbt_project.yml> not found

[0m16:43:48.012982 [debug] [MainThread]: Resource report: {"command_name": "debug", "command_success": false, "command_wall_clock_time": 2.5033388, "process_in_blocks": "0", "process_kernel_time": 0.213973, "process_mem_max_rss": "123543552", "process_out_blocks": "0", "process_user_time": 0.905382}
[0m16:43:48.013391 [debug] [MainThread]: Command `dbt debug` failed at 16:43:48.013307 after 2.50 seconds
[0m16:43:48.013675 [debug] [MainThread]: Connection 'debug' was properly closed.
[0m16:43:48.013928 [debug] [MainThread]: Sending event: {'category': 'dbt', 'action': 'invocation', 'label': 'end', 'context': [<snowplow_tracker.self_describing_json.SelfDescribingJson object at 0x10eb0b0b0>, <snowplow_tracker.self_describing_json.SelfDescribingJson object at 0x10e94e840>, <snowplow_tracker.self_describing_json.SelfDescribingJson object at 0x10df8a180>]}
[0m16:43:48.014251 [debug] [MainThread]: Flushing usage events
[0m16:43:48.605375 [debug] [MainThread]: An error was encountered while trying to flush usage events
[0m16:48:23.220536 [debug] [MainThread]: Sending event: {'category': 'dbt', 'action': 'invocation', 'label': 'start', 'context': [<snowplow_tracker.self_describing_json.SelfDescribingJson object at 0x10f780b00>, <snowplow_tracker.self_describing_json.SelfDescribingJson object at 0x1103b51c0>, <snowplow_tracker.self_describing_json.SelfDescribingJson object at 0x1103b4bf0>]}


============================== 16:48:23.224683 | 60c640e4-223f-4e16-ae09-9eb1f7623d63 ==============================
[0m16:48:23.224683 [info ] [MainThread]: Running with dbt=1.9.4
[0m16:48:23.225086 [debug] [MainThread]: running dbt with arguments {'printer_width': '80', 'indirect_selection': 'eager', 'log_cache_events': 'False', 'write_json': 'True', 'partial_parse': 'True', 'cache_selected_only': 'False', 'profiles_dir': '/Users/pauloreboucas/.dbt', 'debug': 'True', 'fail_fast': 'False', 'log_path': 'logs', 'warn_error': 'None', 'version_check': 'True', 'use_colors': 'True', 'use_experimental_parser': 'False', 'no_print': 'None', 'quiet': 'False', 'empty': 'False', 'log_format': 'default', 'introspect': 'True', 'invocation_command': 'dbt run --select f_sales --full-refresh --debug', 'static_parser': 'True', 'target_path': 'None', 'warn_error_options': 'WarnErrorOptions(include=[], exclude=[])', 'send_anonymous_usage_stats': 'True'}
[0m16:48:23.225473 [error] [MainThread]: Encountered an error:
Runtime Error
  No dbt_project.yml found at expected path /Users/pauloreboucas/Documents/Trabalho/Trinity/ammodepot/AWS/dbt_ammodepot/projects/dbt_project.yml
  Verify that each entry within packages.yml (and their transitive dependencies) contains a file named dbt_project.yml
  
[0m16:48:23.227948 [debug] [MainThread]: Resource report: {"command_name": "run", "command_success": false, "command_wall_clock_time": 0.06402725, "process_in_blocks": "0", "process_kernel_time": 0.109499, "process_mem_max_rss": "99524608", "process_out_blocks": "0", "process_user_time": 0.698297}
[0m16:48:23.228285 [debug] [MainThread]: Command `dbt run` failed at 16:48:23.228198 after 0.06 seconds
[0m16:48:23.228540 [debug] [MainThread]: Sending event: {'category': 'dbt', 'action': 'invocation', 'label': 'end', 'context': [<snowplow_tracker.self_describing_json.SelfDescribingJson object at 0x10ffa1e80>, <snowplow_tracker.self_describing_json.SelfDescribingJson object at 0x1101e23f0>, <snowplow_tracker.self_describing_json.SelfDescribingJson object at 0x1103b4f50>]}
[0m16:48:23.228763 [debug] [MainThread]: Flushing usage events
[0m16:48:23.780522 [debug] [MainThread]: An error was encountered while trying to flush usage events
[0m17:27:25.377834 [debug] [MainThread]: Sending event: {'category': 'dbt', 'action': 'invocation', 'label': 'start', 'context': [<snowplow_tracker.self_describing_json.SelfDescribingJson object at 0x10e41bfe0>, <snowplow_tracker.self_describing_json.SelfDescribingJson object at 0x10e911250>, <snowplow_tracker.self_describing_json.SelfDescribingJson object at 0x10e910da0>]}


============================== 17:27:25.381922 | f618bf2b-4fa7-4e21-9ed0-5c12ccbce8df ==============================
[0m17:27:25.381922 [info ] [MainThread]: Running with dbt=1.9.4
[0m17:27:25.382296 [debug] [MainThread]: running dbt with arguments {'printer_width': '80', 'indirect_selection': 'eager', 'write_json': 'True', 'log_cache_events': 'False', 'partial_parse': 'True', 'cache_selected_only': 'False', 'warn_error': 'None', 'version_check': 'True', 'fail_fast': 'False', 'log_path': 'logs', 'profiles_dir': '/Users/pauloreboucas/.dbt', 'debug': 'False', 'use_colors': 'True', 'use_experimental_parser': 'False', 'no_print': 'None', 'quiet': 'False', 'empty': 'False', 'log_format': 'default', 'static_parser': 'True', 'invocation_command': 'dbt compile', 'introspect': 'True', 'target_path': 'None', 'warn_error_options': 'WarnErrorOptions(include=[], exclude=[])', 'send_anonymous_usage_stats': 'True'}
[0m17:27:25.382626 [error] [MainThread]: Encountered an error:
Runtime Error
  No dbt_project.yml found at expected path /Users/pauloreboucas/Documents/Trabalho/Trinity/ammodepot/AWS/dbt_ammodepot/projects/dbt_project.yml
  Verify that each entry within packages.yml (and their transitive dependencies) contains a file named dbt_project.yml
  
[0m17:27:25.384974 [debug] [MainThread]: Resource report: {"command_name": "compile", "command_success": false, "command_wall_clock_time": 0.070959, "process_in_blocks": "0", "process_kernel_time": 0.115663, "process_mem_max_rss": "100052992", "process_out_blocks": "0", "process_user_time": 0.720941}
[0m17:27:25.385278 [debug] [MainThread]: Command `dbt compile` failed at 17:27:25.385200 after 0.07 seconds
[0m17:27:25.385501 [debug] [MainThread]: Sending event: {'category': 'dbt', 'action': 'invocation', 'label': 'end', 'context': [<snowplow_tracker.self_describing_json.SelfDescribingJson object at 0x10e41bfe0>, <snowplow_tracker.self_describing_json.SelfDescribingJson object at 0x10e79aa80>, <snowplow_tracker.self_describing_json.SelfDescribingJson object at 0x10e79a660>]}
[0m17:27:25.385700 [debug] [MainThread]: Flushing usage events
[0m17:27:25.981375 [debug] [MainThread]: An error was encountered while trying to flush usage events
[0m06:42:41.701724 [debug] [MainThread]: Sending event: {'category': 'dbt', 'action': 'invocation', 'label': 'start', 'context': [<snowplow_tracker.self_describing_json.SelfDescribingJson object at 0x111cc6f60>, <snowplow_tracker.self_describing_json.SelfDescribingJson object at 0x112899250>, <snowplow_tracker.self_describing_json.SelfDescribingJson object at 0x112898d70>]}


============================== 06:42:41.704728 | 7d2dcfd8-4294-4bbd-9fc1-265689e5b6d9 ==============================
[0m06:42:41.704728 [info ] [MainThread]: Running with dbt=1.9.4
[0m06:42:41.705049 [debug] [MainThread]: running dbt with arguments {'printer_width': '80', 'indirect_selection': 'eager', 'log_cache_events': 'False', 'write_json': 'True', 'partial_parse': 'True', 'cache_selected_only': 'False', 'profiles_dir': '/Users/pauloreboucas/.dbt', 'fail_fast': 'False', 'version_check': 'True', 'log_path': 'logs', 'debug': 'True', 'warn_error': 'None', 'use_colors': 'True', 'use_experimental_parser': 'False', 'empty': 'False', 'quiet': 'False', 'no_print': 'None', 'log_format': 'default', 'static_parser': 'True', 'invocation_command': 'dbt run --select f_shipment --full-refresh --debug', 'warn_error_options': 'WarnErrorOptions(include=[], exclude=[])', 'target_path': 'None', 'introspect': 'True', 'send_anonymous_usage_stats': 'True'}
[0m06:42:41.705378 [error] [MainThread]: Encountered an error:
Runtime Error
  No dbt_project.yml found at expected path /Users/pauloreboucas/Documents/Trabalho/Trinity/ammodepot/AWS/dbt_ammodepot/projects/dbt_project.yml
  Verify that each entry within packages.yml (and their transitive dependencies) contains a file named dbt_project.yml
  
[0m06:42:41.707359 [debug] [MainThread]: Resource report: {"command_name": "run", "command_success": false, "command_wall_clock_time": 0.055883165, "process_in_blocks": "0", "process_kernel_time": 0.088787, "process_mem_max_rss": "100749312", "process_out_blocks": "0", "process_user_time": 0.655576}
[0m06:42:41.707749 [debug] [MainThread]: Command `dbt run` failed at 06:42:41.707668 after 0.06 seconds
[0m06:42:41.708006 [debug] [MainThread]: Sending event: {'category': 'dbt', 'action': 'invocation', 'label': 'end', 'context': [<snowplow_tracker.self_describing_json.SelfDescribingJson object at 0x112899220>, <snowplow_tracker.self_describing_json.SelfDescribingJson object at 0x112898f80>, <snowplow_tracker.self_describing_json.SelfDescribingJson object at 0x112899100>]}
[0m06:42:41.708229 [debug] [MainThread]: Flushing usage events
[0m06:42:42.293128 [debug] [MainThread]: An error was encountered while trying to flush usage events
[0m18:36:33.403343 [debug] [MainThread]: Sending event: {'category': 'dbt', 'action': 'invocation', 'label': 'start', 'context': [<snowplow_tracker.self_describing_json.SelfDescribingJson object at 0x10eaa3aa0>, <snowplow_tracker.self_describing_json.SelfDescribingJson object at 0x10ee79340>, <snowplow_tracker.self_describing_json.SelfDescribingJson object at 0x10ee78e60>]}


============================== 18:36:33.407171 | 6d2db4e6-93bc-4597-8b72-2b1346543c5c ==============================
[0m18:36:33.407171 [info ] [MainThread]: Running with dbt=1.9.4
[0m18:36:33.407555 [debug] [MainThread]: running dbt with arguments {'printer_width': '80', 'indirect_selection': 'eager', 'log_cache_events': 'False', 'write_json': 'True', 'partial_parse': 'True', 'cache_selected_only': 'False', 'profiles_dir': '/Users/pauloreboucas/.dbt', 'debug': 'False', 'fail_fast': 'False', 'log_path': 'logs', 'version_check': 'True', 'warn_error': 'None', 'use_colors': 'True', 'use_experimental_parser': 'False', 'empty': 'False', 'quiet': 'False', 'no_print': 'None', 'log_format': 'default', 'invocation_command': 'dbt run --full-refresh --select f_sales', 'static_parser': 'True', 'introspect': 'True', 'target_path': 'None', 'warn_error_options': 'WarnErrorOptions(include=[], exclude=[])', 'send_anonymous_usage_stats': 'True'}
[0m18:36:33.407888 [error] [MainThread]: Encountered an error:
Runtime Error
  No dbt_project.yml found at expected path /Users/pauloreboucas/Documents/Trabalho/Trinity/ammodepot/AWS/dbt_ammodepot/projects/dbt_project.yml
  Verify that each entry within packages.yml (and their transitive dependencies) contains a file named dbt_project.yml
  
[0m18:36:33.410199 [debug] [MainThread]: Resource report: {"command_name": "run", "command_success": false, "command_wall_clock_time": 0.06479533, "process_in_blocks": "0", "process_kernel_time": 0.108026, "process_mem_max_rss": "99663872", "process_out_blocks": "0", "process_user_time": 0.693044}
[0m18:36:33.410491 [debug] [MainThread]: Command `dbt run` failed at 18:36:33.410420 after 0.07 seconds
[0m18:36:33.410708 [debug] [MainThread]: Sending event: {'category': 'dbt', 'action': 'invocation', 'label': 'end', 'context': [<snowplow_tracker.self_describing_json.SelfDescribingJson object at 0x10ec478c0>, <snowplow_tracker.self_describing_json.SelfDescribingJson object at 0x10e93bcb0>, <snowplow_tracker.self_describing_json.SelfDescribingJson object at 0x10e74de80>]}
[0m18:36:33.410891 [debug] [MainThread]: Flushing usage events
[0m18:36:33.986283 [debug] [MainThread]: An error was encountered while trying to flush usage events
[0m08:41:15.948486 [debug] [MainThread]: Sending event: {'category': 'dbt', 'action': 'invocation', 'label': 'start', 'context': [<snowplow_tracker.self_describing_json.SelfDescribingJson object at 0x10ff008c0>, <snowplow_tracker.self_describing_json.SelfDescribingJson object at 0x110c42f30>, <snowplow_tracker.self_describing_json.SelfDescribingJson object at 0x110cc0a70>]}


============================== 08:41:15.952521 | b0be54d9-f261-4b1a-82c1-5e0bbe37ec68 ==============================
[0m08:41:15.952521 [info ] [MainThread]: Running with dbt=1.9.4
[0m08:41:15.952938 [debug] [MainThread]: running dbt with arguments {'printer_width': '80', 'indirect_selection': 'eager', 'log_cache_events': 'False', 'write_json': 'True', 'partial_parse': 'True', 'cache_selected_only': 'False', 'warn_error': 'None', 'debug': 'False', 'fail_fast': 'False', 'log_path': 'logs', 'version_check': 'True', 'profiles_dir': '/Users/pauloreboucas/.dbt', 'use_colors': 'True', 'use_experimental_parser': 'False', 'empty': 'None', 'quiet': 'False', 'no_print': 'None', 'warn_error_options': 'WarnErrorOptions(include=[], exclude=[])', 'introspect': 'True', 'log_format': 'default', 'static_parser': 'True', 'target_path': 'None', 'invocation_command': 'dbt debug', 'send_anonymous_usage_stats': 'True'}
[0m08:41:15.959096 [info ] [MainThread]: dbt version: 1.9.4
[0m08:41:15.959472 [info ] [MainThread]: python version: 3.12.9
[0m08:41:15.959674 [info ] [MainThread]: python path: /Users/pauloreboucas/Documents/Trabalho/Trinity/ammodepot/AWS/dbt_ammodepot/projects/.dbtenv/bin/python3.12
[0m08:41:15.959930 [info ] [MainThread]: os info: macOS-15.4.1-x86_64-i386-64bit
[0m08:41:16.018366 [debug] [MainThread]: Redshift adapter: Setting redshift_connector to ERROR
[0m08:41:16.018716 [debug] [MainThread]: Redshift adapter: Setting redshift_connector.core to ERROR
[0m08:41:16.067905 [info ] [MainThread]: Using profiles dir at /Users/pauloreboucas/.dbt
[0m08:41:16.068194 [info ] [MainThread]: Using profiles.yml file at /Users/pauloreboucas/.dbt/profiles.yml
[0m08:41:16.068382 [info ] [MainThread]: Using dbt_project.yml file at /Users/pauloreboucas/Documents/Trabalho/Trinity/ammodepot/AWS/dbt_ammodepot/projects/dbt_project.yml
[0m08:41:16.068745 [info ] [MainThread]: adapter type: redshift
[0m08:41:16.068985 [info ] [MainThread]: adapter version: 1.9.3
[0m08:41:16.069180 [info ] [MainThread]: Configuration:
[0m08:41:16.069359 [info ] [MainThread]:   profiles.yml file [[32mOK found and valid[0m]
[0m08:41:16.069515 [info ] [MainThread]:   dbt_project.yml file [[31mERROR not found[0m]
[0m08:41:16.069668 [info ] [MainThread]: Required dependencies:
[0m08:41:16.069864 [debug] [MainThread]: Executing "git --help"
[0m08:41:16.103739 [debug] [MainThread]: STDOUT: "b"usage: git [-v | --version] [-h | --help] [-C <path>] [-c <name>=<value>]\n           [--exec-path[=<path>]] [--html-path] [--man-path] [--info-path]\n           [-p | --paginate | -P | --no-pager] [--no-replace-objects] [--bare]\n           [--git-dir=<path>] [--work-tree=<path>] [--namespace=<name>]\n           [--super-prefix=<path>] [--config-env=<name>=<envvar>]\n           <command> [<args>]\n\nThese are common Git commands used in various situations:\n\nstart a working area (see also: git help tutorial)\n   clone     Clone a repository into a new directory\n   init      Create an empty Git repository or reinitialize an existing one\n\nwork on the current change (see also: git help everyday)\n   add       Add file contents to the index\n   mv        Move or rename a file, a directory, or a symlink\n   restore   Restore working tree files\n   rm        Remove files from the working tree and from the index\n\nexamine the history and state (see also: git help revisions)\n   bisect    Use binary search to find the commit that introduced a bug\n   diff      Show changes between commits, commit and working tree, etc\n   grep      Print lines matching a pattern\n   log       Show commit logs\n   show      Show various types of objects\n   status    Show the working tree status\n\ngrow, mark and tweak your common history\n   branch    List, create, or delete branches\n   commit    Record changes to the repository\n   merge     Join two or more development histories together\n   rebase    Reapply commits on top of another base tip\n   reset     Reset current HEAD to the specified state\n   switch    Switch branches\n   tag       Create, list, delete or verify a tag object signed with GPG\n\ncollaborate (see also: git help workflows)\n   fetch     Download objects and refs from another repository\n   pull      Fetch from and integrate with another repository or a local branch\n   push      Update remote refs along with associated objects\n\n'git help -a' and 'git help -g' list available subcommands and some\nconcept guides. See 'git help <command>' or 'git help <concept>'\nto read about a specific subcommand or concept.\nSee 'git help git' for an overview of the system.\n""
[0m08:41:16.104367 [debug] [MainThread]: STDERR: "b''"
[0m08:41:16.104604 [info ] [MainThread]:  - git [[32mOK found[0m]

[0m08:41:16.104831 [info ] [MainThread]: Connection:
[0m08:41:16.105051 [info ] [MainThread]:   host: airbyte-project-redshift-cluster.chaiaxiqde3z.us-east-1.redshift.amazonaws.com
[0m08:41:16.105214 [info ] [MainThread]:   user: admin
[0m08:41:16.105363 [info ] [MainThread]:   port: 5439
[0m08:41:16.105506 [info ] [MainThread]:   database: ammodepot
[0m08:41:16.105656 [info ] [MainThread]:   method: database
[0m08:41:16.105799 [info ] [MainThread]:   cluster_id: None
[0m08:41:16.105939 [info ] [MainThread]:   iam_profile: None
[0m08:41:16.106074 [info ] [MainThread]:   schema: silver
[0m08:41:16.106210 [info ] [MainThread]:   sslmode: prefer
[0m08:41:16.106344 [info ] [MainThread]:   region: None
[0m08:41:16.106479 [info ] [MainThread]:   sslmode: prefer
[0m08:41:16.106613 [info ] [MainThread]:   region: None
[0m08:41:16.106747 [info ] [MainThread]:   autocreate: False
[0m08:41:16.106883 [info ] [MainThread]:   db_groups: []
[0m08:41:16.107017 [info ] [MainThread]:   ra3_node: False
[0m08:41:16.107152 [info ] [MainThread]:   connect_timeout: None
[0m08:41:16.107288 [info ] [MainThread]:   role: None
[0m08:41:16.107435 [info ] [MainThread]:   retries: 1
[0m08:41:16.107573 [info ] [MainThread]:   autocommit: True
[0m08:41:16.107708 [info ] [MainThread]:   access_key_id: None
[0m08:41:16.107851 [info ] [MainThread]:   is_serverless: None
[0m08:41:16.108232 [info ] [MainThread]: Registered adapter: redshift=1.9.3
[0m08:41:16.216141 [debug] [MainThread]: Acquiring new redshift connection 'debug'
[0m08:41:16.219770 [debug] [MainThread]: Using redshift connection "debug"
[0m08:41:16.219980 [debug] [MainThread]: On debug: select 1 as id
[0m08:41:16.220146 [debug] [MainThread]: Opening a new connection, currently in state init
[0m08:41:16.220354 [debug] [MainThread]: Redshift adapter: Connecting to Redshift with 'database' credentials method
[0m08:41:16.223401 [debug] [MainThread]: Redshift adapter: Establishing connection using ssl with `sslmode` set to 'prefer'.To connect without ssl, set `sslmode` to 'disable'.
[0m08:41:17.912000 [debug] [MainThread]: SQL status: SUCCESS in 1.691 seconds
[0m08:41:17.949165 [debug] [MainThread]: On debug: Close
[0m08:41:17.949637 [info ] [MainThread]:   Connection test: [[32mOK connection ok[0m]

[0m08:41:17.949878 [info ] [MainThread]: [31m1 check failed:[0m
[0m08:41:17.950059 [info ] [MainThread]: Project loading failed for the following reason:
 project path </Users/pauloreboucas/Documents/Trabalho/Trinity/ammodepot/AWS/dbt_ammodepot/projects/dbt_project.yml> not found

[0m08:41:17.958143 [debug] [MainThread]: Resource report: {"command_name": "debug", "command_success": false, "command_wall_clock_time": 2.0725713, "process_in_blocks": "0", "process_kernel_time": 0.206048, "process_mem_max_rss": "125665280", "process_out_blocks": "0", "process_user_time": 0.944558}
[0m08:41:17.958526 [debug] [MainThread]: Command `dbt debug` failed at 08:41:17.958445 after 2.07 seconds
[0m08:41:17.958783 [debug] [MainThread]: Connection 'debug' was properly closed.
[0m08:41:17.959031 [debug] [MainThread]: Sending event: {'category': 'dbt', 'action': 'invocation', 'label': 'end', 'context': [<snowplow_tracker.self_describing_json.SelfDescribingJson object at 0x110c63020>, <snowplow_tracker.self_describing_json.SelfDescribingJson object at 0x110c42fc0>, <snowplow_tracker.self_describing_json.SelfDescribingJson object at 0x110c42e40>]}
[0m08:41:17.959327 [debug] [MainThread]: Flushing usage events
[0m08:41:18.590248 [debug] [MainThread]: An error was encountered while trying to flush usage events
